<?xml version="1.0" encoding="UTF-8"?>
<testng-results skipped="1" failed="0" total="1" passed="0">
  <reporter-output>
    <line>
      <![CDATA[Setting up report and test is getting ready]]>
    </line>
  </reporter-output>
  <suite name="Default suite" duration-ms="81" started-at="2020-01-05T06:51:27Z" finished-at="2020-01-05T06:51:27Z">
    <groups>
    </groups>
    <test name="Default test" duration-ms="81" started-at="2020-01-05T06:51:27Z" finished-at="2020-01-05T06:51:27Z">
      <class name="com.automation.testcases.LoginTestCRM">
        <test-method status="PASS" signature="SetUpSuite()[pri:0, instance:com.automation.testcases.LoginTestCRM@7cf10a6f]" name="SetUpSuite" is-config="true" duration-ms="1628" started-at="2020-01-05T12:21:25Z" finished-at="2020-01-05T12:21:27Z">
          <reporter-output>
            <line>
              <![CDATA[Setting up report and test is getting ready]]>
            </line>
          </reporter-output>
        </test-method> <!-- SetUpSuite -->
        <test-method status="FAIL" signature="openBrowser(java.lang.String, java.lang.String)[pri:0, instance:com.automation.testcases.LoginTestCRM@7cf10a6f]" name="openBrowser" is-config="true" duration-ms="0" started-at="2020-01-05T12:21:27Z" finished-at="2020-01-05T12:21:27Z">
          <exception class="org.testng.TestNGException">
            <message>
              <![CDATA[
Parameter 'browser' is required by @Configuration on method openBrowser but has not been marked @Optional or defined
in C:\Users\ShanthuVasu\AppData\Local\Temp\testng-eclipse--1182523433\testng-customsuite.xml]]>
            </message>
            <full-stacktrace>
              <![CDATA[org.testng.TestNGException: 
Parameter 'browser' is required by @Configuration on method openBrowser but has not been marked @Optional or defined
in C:\Users\ShanthuVasu\AppData\Local\Temp\testng-eclipse--1182523433\testng-customsuite.xml
	at org.testng.internal.Parameters.createParameters(Parameters.java:154)
	at org.testng.internal.Parameters.createParameters(Parameters.java:361)
	at org.testng.internal.Parameters.createConfigurationParameters(Parameters.java:84)
	at org.testng.internal.Invoker.invokeConfigurations(Invoker.java:201)
	at org.testng.internal.Invoker.invokeConfigurations(Invoker.java:142)
	at org.testng.internal.TestMethodWorker.invokeBeforeClassMethods(TestMethodWorker.java:178)
	at org.testng.internal.TestMethodWorker.run(TestMethodWorker.java:108)
	at org.testng.TestRunner.privateRun(TestRunner.java:782)
	at org.testng.TestRunner.run(TestRunner.java:632)
	at org.testng.SuiteRunner.runTest(SuiteRunner.java:366)
	at org.testng.SuiteRunner.runSequentially(SuiteRunner.java:361)
	at org.testng.SuiteRunner.privateRun(SuiteRunner.java:319)
	at org.testng.SuiteRunner.run(SuiteRunner.java:268)
	at org.testng.SuiteRunnerWorker.runSuite(SuiteRunnerWorker.java:52)
	at org.testng.SuiteRunnerWorker.run(SuiteRunnerWorker.java:86)
	at org.testng.TestNG.runSuitesSequentially(TestNG.java:1244)
	at org.testng.TestNG.runSuitesLocally(TestNG.java:1169)
	at org.testng.TestNG.run(TestNG.java:1064)
	at org.testng.remote.RemoteTestNG.run(RemoteTestNG.java:113)
	at org.testng.remote.RemoteTestNG.initAndRun(RemoteTestNG.java:206)
	at org.testng.remote.RemoteTestNG.main(RemoteTestNG.java:177)
]]>
            </full-stacktrace>
          </exception> <!-- org.testng.TestNGException -->
          <reporter-output>
          </reporter-output>
        </test-method> <!-- openBrowser -->
        <test-method status="SKIP" signature="LoginApp()[pri:0, instance:com.automation.testcases.LoginTestCRM@7cf10a6f]" name="LoginApp" duration-ms="1" started-at="2020-01-05T12:21:27Z" finished-at="2020-01-05T12:21:27Z">
          <reporter-output>
          </reporter-output>
        </test-method> <!-- LoginApp -->
        <test-method status="SKIP" signature="closeBrowser()[pri:0, instance:com.automation.testcases.LoginTestCRM@7cf10a6f]" name="closeBrowser" is-config="true" duration-ms="0" started-at="2020-01-05T12:21:27Z" finished-at="2020-01-05T12:21:27Z">
          <reporter-output>
          </reporter-output>
        </test-method> <!-- closeBrowser -->
        <test-method status="SKIP" signature="TearDown(org.testng.ITestResult)[pri:0, instance:com.automation.testcases.LoginTestCRM@7cf10a6f]" name="TearDown" is-config="true" duration-ms="0" started-at="2020-01-05T12:21:27Z" finished-at="2020-01-05T12:21:27Z">
          <reporter-output>
          </reporter-output>
        </test-method> <!-- TearDown -->
      </class> <!-- com.automation.testcases.LoginTestCRM -->
    </test> <!-- Default test -->
  </suite> <!-- Default suite -->
</testng-results>
